\\PSF\HOME\DESKTOP\CSIE\LAB\SAMPLE CODE\USEFUL\XINPUT WIN32 SAMPLES\C++\SIMPLECONTROLLER\DEBUG\SIMPLECONTROLLER.OBJ
\\PSF\HOME\DESKTOP\CSIE\LAB\SAMPLE CODE\USEFUL\XINPUT WIN32 SAMPLES\C++\SIMPLECONTROLLER\DEBUG\VC110.PDB
\\psf\Home\Desktop\csie\Lab\sample code\useful\XInput Win32 Samples\C++\SimpleController\Debug\SimpleController.obj
\\psf\Home\Desktop\csie\Lab\sample code\useful\XInput Win32 Samples\C++\SimpleController\Debug\cl.command.1.tlog
\\psf\Home\Desktop\csie\Lab\sample code\useful\XInput Win32 Samples\C++\SimpleController\Debug\cl.read.1.tlog
\\psf\Home\Desktop\csie\Lab\sample code\useful\XInput Win32 Samples\C++\SimpleController\Debug\cl.write.1.tlog
\\psf\Home\Desktop\csie\Lab\sample code\useful\XInput Win32 Samples\C++\SimpleController\Debug\link-cvtres.read.1.tlog
\\psf\Home\Desktop\csie\Lab\sample code\useful\XInput Win32 Samples\C++\SimpleController\Debug\link-cvtres.write.1.tlog
\\psf\Home\Desktop\csie\Lab\sample code\useful\XInput Win32 Samples\C++\SimpleController\Debug\link-mt.read.1.tlog
\\psf\Home\Desktop\csie\Lab\sample code\useful\XInput Win32 Samples\C++\SimpleController\Debug\link-mt.write.1.tlog
\\psf\Home\Desktop\csie\Lab\sample code\useful\XInput Win32 Samples\C++\SimpleController\Debug\link-rc.read.1.tlog
\\psf\Home\Desktop\csie\Lab\sample code\useful\XInput Win32 Samples\C++\SimpleController\Debug\link-rc.write.1.tlog
\\psf\Home\Desktop\csie\Lab\sample code\useful\XInput Win32 Samples\C++\SimpleController\Debug\link.1664-cvtres.read.1.tlog
\\psf\Home\Desktop\csie\Lab\sample code\useful\XInput Win32 Samples\C++\SimpleController\Debug\link.1664-cvtres.write.1.tlog
\\psf\Home\Desktop\csie\Lab\sample code\useful\XInput Win32 Samples\C++\SimpleController\Debug\link.1664-mt.read.1.tlog
\\psf\Home\Desktop\csie\Lab\sample code\useful\XInput Win32 Samples\C++\SimpleController\Debug\link.1664-mt.write.1.tlog
\\psf\Home\Desktop\csie\Lab\sample code\useful\XInput Win32 Samples\C++\SimpleController\Debug\link.1664-rc.read.1.tlog
\\psf\Home\Desktop\csie\Lab\sample code\useful\XInput Win32 Samples\C++\SimpleController\Debug\link.1664-rc.write.1.tlog
\\psf\Home\Desktop\csie\Lab\sample code\useful\XInput Win32 Samples\C++\SimpleController\Debug\link.1664.read.1.tlog
\\psf\Home\Desktop\csie\Lab\sample code\useful\XInput Win32 Samples\C++\SimpleController\Debug\link.1664.write.1.tlog
\\psf\Home\Desktop\csie\Lab\sample code\useful\XInput Win32 Samples\C++\SimpleController\Debug\link.2264-cvtres.read.1.tlog
\\psf\Home\Desktop\csie\Lab\sample code\useful\XInput Win32 Samples\C++\SimpleController\Debug\link.2264-cvtres.write.1.tlog
\\psf\Home\Desktop\csie\Lab\sample code\useful\XInput Win32 Samples\C++\SimpleController\Debug\link.2264-mt.read.1.tlog
\\psf\Home\Desktop\csie\Lab\sample code\useful\XInput Win32 Samples\C++\SimpleController\Debug\link.2264-mt.write.1.tlog
\\psf\Home\Desktop\csie\Lab\sample code\useful\XInput Win32 Samples\C++\SimpleController\Debug\link.2264-rc.read.1.tlog
\\psf\Home\Desktop\csie\Lab\sample code\useful\XInput Win32 Samples\C++\SimpleController\Debug\link.2264-rc.write.1.tlog
\\psf\Home\Desktop\csie\Lab\sample code\useful\XInput Win32 Samples\C++\SimpleController\Debug\link.2264.read.1.tlog
\\psf\Home\Desktop\csie\Lab\sample code\useful\XInput Win32 Samples\C++\SimpleController\Debug\link.2264.write.1.tlog
\\psf\Home\Desktop\csie\Lab\sample code\useful\XInput Win32 Samples\C++\SimpleController\Debug\link.308-cvtres.read.1.tlog
\\psf\Home\Desktop\csie\Lab\sample code\useful\XInput Win32 Samples\C++\SimpleController\Debug\link.308-cvtres.write.1.tlog
\\psf\Home\Desktop\csie\Lab\sample code\useful\XInput Win32 Samples\C++\SimpleController\Debug\link.308-mt.read.1.tlog
\\psf\Home\Desktop\csie\Lab\sample code\useful\XInput Win32 Samples\C++\SimpleController\Debug\link.308-mt.write.1.tlog
\\psf\Home\Desktop\csie\Lab\sample code\useful\XInput Win32 Samples\C++\SimpleController\Debug\link.308-rc.read.1.tlog
\\psf\Home\Desktop\csie\Lab\sample code\useful\XInput Win32 Samples\C++\SimpleController\Debug\link.308-rc.write.1.tlog
\\psf\Home\Desktop\csie\Lab\sample code\useful\XInput Win32 Samples\C++\SimpleController\Debug\link.308.read.1.tlog
\\psf\Home\Desktop\csie\Lab\sample code\useful\XInput Win32 Samples\C++\SimpleController\Debug\link.308.write.1.tlog
\\psf\Home\Desktop\csie\Lab\sample code\useful\XInput Win32 Samples\C++\SimpleController\Debug\link.3232-cvtres.read.1.tlog
\\psf\Home\Desktop\csie\Lab\sample code\useful\XInput Win32 Samples\C++\SimpleController\Debug\link.3232-cvtres.write.1.tlog
\\psf\Home\Desktop\csie\Lab\sample code\useful\XInput Win32 Samples\C++\SimpleController\Debug\link.3232-mt.read.1.tlog
\\psf\Home\Desktop\csie\Lab\sample code\useful\XInput Win32 Samples\C++\SimpleController\Debug\link.3232-mt.write.1.tlog
\\psf\Home\Desktop\csie\Lab\sample code\useful\XInput Win32 Samples\C++\SimpleController\Debug\link.3232-rc.read.1.tlog
\\psf\Home\Desktop\csie\Lab\sample code\useful\XInput Win32 Samples\C++\SimpleController\Debug\link.3232-rc.write.1.tlog
\\psf\Home\Desktop\csie\Lab\sample code\useful\XInput Win32 Samples\C++\SimpleController\Debug\link.3232.read.1.tlog
\\psf\Home\Desktop\csie\Lab\sample code\useful\XInput Win32 Samples\C++\SimpleController\Debug\link.3232.write.1.tlog
\\psf\Home\Desktop\csie\Lab\sample code\useful\XInput Win32 Samples\C++\SimpleController\Debug\link.5064-cvtres.read.1.tlog
\\psf\Home\Desktop\csie\Lab\sample code\useful\XInput Win32 Samples\C++\SimpleController\Debug\link.5064-cvtres.write.1.tlog
\\psf\Home\Desktop\csie\Lab\sample code\useful\XInput Win32 Samples\C++\SimpleController\Debug\link.5064-mt.read.1.tlog
\\psf\Home\Desktop\csie\Lab\sample code\useful\XInput Win32 Samples\C++\SimpleController\Debug\link.5064-mt.write.1.tlog
\\psf\Home\Desktop\csie\Lab\sample code\useful\XInput Win32 Samples\C++\SimpleController\Debug\link.5064-rc.read.1.tlog
\\psf\Home\Desktop\csie\Lab\sample code\useful\XInput Win32 Samples\C++\SimpleController\Debug\link.5064-rc.write.1.tlog
\\psf\Home\Desktop\csie\Lab\sample code\useful\XInput Win32 Samples\C++\SimpleController\Debug\link.5064.read.1.tlog
\\psf\Home\Desktop\csie\Lab\sample code\useful\XInput Win32 Samples\C++\SimpleController\Debug\link.5064.write.1.tlog
\\psf\Home\Desktop\csie\Lab\sample code\useful\XInput Win32 Samples\C++\SimpleController\Debug\link.command.1.tlog
\\psf\Home\Desktop\csie\Lab\sample code\useful\XInput Win32 Samples\C++\SimpleController\Debug\link.read.1.tlog
\\psf\Home\Desktop\csie\Lab\sample code\useful\XInput Win32 Samples\C++\SimpleController\Debug\link.write.1.tlog
\\psf\Home\Desktop\csie\Lab\sample code\useful\XInput Win32 Samples\C++\SimpleController\Debug\vc110.idb
\\psf\Home\Desktop\csie\Lab\sample code\useful\XInput Win32 Samples\C++\SimpleController\Debug\SimpleController.pdb
\\psf\Home\Desktop\csie\Lab\sample code\useful\XInput Win32 Samples\C++\SimpleController\Debug\vc110.pdb
